<?xml version="1.0" encoding="UTF-8"?>
<robot generator="Robot 6.1.1 (Python 3.10.4 on win32)" generated="20231011 22:21:31.003" rpa="false" schemaversion="4">
<suite id="s1" name="Test Ihm" source="C:\Users\yas\workspace\pipepline_poc\ihm\test_ihm.robot">
<test id="s1-t1" name="Creation_dun_compte_client_donnees_valides" line="12">
<kw name="Open Browser" library="SeleniumLibrary">
<arg>https://parabank.parasoft.com/parabank/</arg>
<arg>chrome</arg>
<doc>Opens a new browser instance to the optional ``url``.</doc>
<msg timestamp="20231011 22:21:31.135" level="INFO">Opening browser 'chrome' to base url 'https://parabank.parasoft.com/parabank/'.</msg>
<status status="PASS" starttime="20231011 22:21:31.134" endtime="20231011 22:21:33.682"/>
</kw>
<kw name="Maximize Browser Window" library="SeleniumLibrary">
<doc>Maximizes current browser window.</doc>
<status status="PASS" starttime="20231011 22:21:33.683" endtime="20231011 22:21:33.803"/>
</kw>
<kw name="Wait Until Page Contains" library="SeleniumLibrary">
<arg>Register</arg>
<doc>Waits until ``text`` appears on the current page.</doc>
<status status="PASS" starttime="20231011 22:21:33.803" endtime="20231011 22:21:33.811"/>
</kw>
<kw name="Click Element" library="SeleniumLibrary">
<arg>//a[@href='register.htm' and text()='Register']</arg>
<doc>Click the element identified by ``locator``.</doc>
<msg timestamp="20231011 22:21:33.811" level="INFO">Clicking element '//a[@href='register.htm' and text()='Register']'.</msg>
<status status="PASS" starttime="20231011 22:21:33.811" endtime="20231011 22:21:34.033"/>
</kw>
<kw name="Input Text" library="SeleniumLibrary">
<arg>//input[@id='customer.firstName' and @name='customer.firstName' and @class='input']</arg>
<arg>toto</arg>
<doc>Types the given ``text`` into the text field identified by ``locator``.</doc>
<msg timestamp="20231011 22:21:34.034" level="INFO">Typing text 'toto' into text field '//input[@id='customer.firstName' and @name='customer.firstName' and @class='input']'.</msg>
<status status="PASS" starttime="20231011 22:21:34.033" endtime="20231011 22:21:34.086"/>
</kw>
<kw name="Input Text" library="SeleniumLibrary">
<arg>//input[@id='customer.lastName']</arg>
<arg>xxx</arg>
<doc>Types the given ``text`` into the text field identified by ``locator``.</doc>
<msg timestamp="20231011 22:21:34.086" level="INFO">Typing text 'xxx' into text field '//input[@id='customer.lastName']'.</msg>
<status status="PASS" starttime="20231011 22:21:34.086" endtime="20231011 22:21:34.127"/>
</kw>
<kw name="Input Text" library="SeleniumLibrary">
<arg>//input[@id='customer.address.street']</arg>
<arg>xx</arg>
<doc>Types the given ``text`` into the text field identified by ``locator``.</doc>
<msg timestamp="20231011 22:21:34.128" level="INFO">Typing text 'xx' into text field '//input[@id='customer.address.street']'.</msg>
<status status="PASS" starttime="20231011 22:21:34.127" endtime="20231011 22:21:34.169"/>
</kw>
<kw name="Input Text" library="SeleniumLibrary">
<arg>//input[@id='customer.address.city']</arg>
<arg>xx</arg>
<doc>Types the given ``text`` into the text field identified by ``locator``.</doc>
<msg timestamp="20231011 22:21:34.169" level="INFO">Typing text 'xx' into text field '//input[@id='customer.address.city']'.</msg>
<status status="PASS" starttime="20231011 22:21:34.169" endtime="20231011 22:21:34.210"/>
</kw>
<kw name="Input Text" library="SeleniumLibrary">
<arg>//input[@id='customer.address.state']</arg>
<arg>xx</arg>
<doc>Types the given ``text`` into the text field identified by ``locator``.</doc>
<msg timestamp="20231011 22:21:34.210" level="INFO">Typing text 'xx' into text field '//input[@id='customer.address.state']'.</msg>
<status status="PASS" starttime="20231011 22:21:34.210" endtime="20231011 22:21:34.248"/>
</kw>
<kw name="Input Text" library="SeleniumLibrary">
<arg>//input[@id='customer.address.zipCode']</arg>
<arg>xx</arg>
<doc>Types the given ``text`` into the text field identified by ``locator``.</doc>
<msg timestamp="20231011 22:21:34.249" level="INFO">Typing text 'xx' into text field '//input[@id='customer.address.zipCode']'.</msg>
<status status="PASS" starttime="20231011 22:21:34.248" endtime="20231011 22:21:34.288"/>
</kw>
<kw name="Input Text" library="SeleniumLibrary">
<arg>//input[@id='customer.phoneNumber']</arg>
<arg>xx</arg>
<doc>Types the given ``text`` into the text field identified by ``locator``.</doc>
<msg timestamp="20231011 22:21:34.288" level="INFO">Typing text 'xx' into text field '//input[@id='customer.phoneNumber']'.</msg>
<status status="PASS" starttime="20231011 22:21:34.288" endtime="20231011 22:21:34.328"/>
</kw>
<kw name="Input Text" library="SeleniumLibrary">
<arg>//input[@id='customer.ssn']</arg>
<arg>xx</arg>
<doc>Types the given ``text`` into the text field identified by ``locator``.</doc>
<msg timestamp="20231011 22:21:34.329" level="INFO">Typing text 'xx' into text field '//input[@id='customer.ssn']'.</msg>
<status status="PASS" starttime="20231011 22:21:34.328" endtime="20231011 22:21:34.367"/>
</kw>
<kw name="Get Current Date" library="DateTime">
<var>${SUFFIX}</var>
<arg>result_format=%Y%m%d%H%M%S</arg>
<doc>Returns current local or UTC time with an optional increment.</doc>
<msg timestamp="20231011 22:21:34.368" level="INFO">${SUFFIX} = 20231011222134</msg>
<status status="PASS" starttime="20231011 22:21:34.368" endtime="20231011 22:21:34.368"/>
</kw>
<kw name="Catenate" library="BuiltIn">
<var>${TEMPUSERNAME}</var>
<arg>SEPARATOR=</arg>
<arg>${USERNAME}</arg>
<arg>${SUFFIX}</arg>
<doc>Catenates the given items together and returns the resulted string.</doc>
<msg timestamp="20231011 22:21:34.368" level="INFO">${TEMPUSERNAME} = xx55xx20231011222134</msg>
<status status="PASS" starttime="20231011 22:21:34.368" endtime="20231011 22:21:34.368"/>
</kw>
<kw name="Catenate" library="BuiltIn">
<var>${TEMPPASSWORD}</var>
<arg>SEPARATOR=</arg>
<arg>${PASSWORD}</arg>
<arg>${SUFFIX}</arg>
<doc>Catenates the given items together and returns the resulted string.</doc>
<msg timestamp="20231011 22:21:34.368" level="INFO">${TEMPPASSWORD} = xx55xx20231011222134</msg>
<status status="PASS" starttime="20231011 22:21:34.368" endtime="20231011 22:21:34.368"/>
</kw>
<kw name="Set Global Variable" library="BuiltIn">
<arg>${NEWUSERNAME}</arg>
<arg>${TEMPUSERNAME}</arg>
<doc>Makes a variable available globally in all tests and suites.</doc>
<msg timestamp="20231011 22:21:34.369" level="INFO">${NEWUSERNAME} = xx55xx20231011222134</msg>
<status status="PASS" starttime="20231011 22:21:34.369" endtime="20231011 22:21:34.369"/>
</kw>
<kw name="Set Global Variable" library="BuiltIn">
<arg>${NEWPASSWORD}</arg>
<arg>${TEMPPASSWORD}</arg>
<doc>Makes a variable available globally in all tests and suites.</doc>
<msg timestamp="20231011 22:21:34.369" level="INFO">${NEWPASSWORD} = xx55xx20231011222134</msg>
<status status="PASS" starttime="20231011 22:21:34.369" endtime="20231011 22:21:34.369"/>
</kw>
<kw name="Input Text" library="SeleniumLibrary">
<arg>//input[@id='customer.username']</arg>
<arg>${NEWUSERNAME}</arg>
<doc>Types the given ``text`` into the text field identified by ``locator``.</doc>
<msg timestamp="20231011 22:21:34.370" level="INFO">Typing text 'xx55xx20231011222134' into text field '//input[@id='customer.username']'.</msg>
<status status="PASS" starttime="20231011 22:21:34.369" endtime="20231011 22:21:34.415"/>
</kw>
<kw name="Input Password" library="SeleniumLibrary">
<arg>//input[@id='customer.password' and @type='password']</arg>
<arg>${NEWPASSWORD}</arg>
<doc>Types the given password into the text field identified by ``locator``.</doc>
<msg timestamp="20231011 22:21:34.415" level="INFO">Typing password into text field '//input[@id='customer.password' and @type='password']'.</msg>
<msg timestamp="20231011 22:21:34.434" level="INFO">Temporally setting log level to: NONE</msg>
<msg timestamp="20231011 22:21:34.462" level="INFO">Log level changed from NONE to INFO.</msg>
<status status="PASS" starttime="20231011 22:21:34.415" endtime="20231011 22:21:34.462"/>
</kw>
<kw name="Input Password" library="SeleniumLibrary">
<arg>//input[@id='repeatedPassword' and @type='password']</arg>
<arg>${NEWPASSWORD}</arg>
<doc>Types the given password into the text field identified by ``locator``.</doc>
<msg timestamp="20231011 22:21:34.462" level="INFO">Typing password into text field '//input[@id='repeatedPassword' and @type='password']'.</msg>
<msg timestamp="20231011 22:21:34.480" level="INFO">Temporally setting log level to: NONE</msg>
<msg timestamp="20231011 22:21:34.509" level="INFO">Log level changed from NONE to INFO.</msg>
<status status="PASS" starttime="20231011 22:21:34.462" endtime="20231011 22:21:34.509"/>
</kw>
<kw name="Click Element" library="SeleniumLibrary">
<arg>//input[@type='submit' and @class='button' and @value='Register']</arg>
<doc>Click the element identified by ``locator``.</doc>
<msg timestamp="20231011 22:21:34.509" level="INFO">Clicking element '//input[@type='submit' and @class='button' and @value='Register']'.</msg>
<status status="PASS" starttime="20231011 22:21:34.509" endtime="20231011 22:21:34.760"/>
</kw>
<kw name="Sleep" library="BuiltIn">
<arg>5s</arg>
<doc>Pauses the test executed for the given time.</doc>
<msg timestamp="20231011 22:21:39.761" level="INFO">Slept 5 seconds</msg>
<status status="PASS" starttime="20231011 22:21:34.760" endtime="20231011 22:21:39.761"/>
</kw>
<kw name="Close Browser" library="SeleniumLibrary">
<doc>Closes the current browser.</doc>
<status status="PASS" starttime="20231011 22:21:39.761" endtime="20231011 22:21:41.823"/>
</kw>
<status status="PASS" starttime="20231011 22:21:31.134" endtime="20231011 22:21:41.823"/>
</test>
<test id="s1-t2" name="Creation_dun_compte_client_donnees_non_valides" line="37">
<kw name="Open Browser" library="SeleniumLibrary">
<arg>https://parabank.parasoft.com/parabank/</arg>
<arg>chrome</arg>
<doc>Opens a new browser instance to the optional ``url``.</doc>
<msg timestamp="20231011 22:21:41.824" level="INFO">Opening browser 'chrome' to base url 'https://parabank.parasoft.com/parabank/'.</msg>
<status status="PASS" starttime="20231011 22:21:41.824" endtime="20231011 22:21:44.866"/>
</kw>
<kw name="Maximize Browser Window" library="SeleniumLibrary">
<doc>Maximizes current browser window.</doc>
<status status="PASS" starttime="20231011 22:21:44.866" endtime="20231011 22:21:44.981"/>
</kw>
<kw name="Wait Until Page Contains" library="SeleniumLibrary">
<arg>Register</arg>
<doc>Waits until ``text`` appears on the current page.</doc>
<status status="PASS" starttime="20231011 22:21:44.981" endtime="20231011 22:21:44.988"/>
</kw>
<kw name="Click Element" library="SeleniumLibrary">
<arg>//a[@href='register.htm' and text()='Register']</arg>
<doc>Click the element identified by ``locator``.</doc>
<msg timestamp="20231011 22:21:44.989" level="INFO">Clicking element '//a[@href='register.htm' and text()='Register']'.</msg>
<status status="PASS" starttime="20231011 22:21:44.989" endtime="20231011 22:21:45.215"/>
</kw>
<kw name="Input Text" library="SeleniumLibrary">
<arg>//input[@id='customer.firstName' and @name='customer.firstName' and @class='input']</arg>
<arg>toto</arg>
<doc>Types the given ``text`` into the text field identified by ``locator``.</doc>
<msg timestamp="20231011 22:21:45.216" level="INFO">Typing text 'toto' into text field '//input[@id='customer.firstName' and @name='customer.firstName' and @class='input']'.</msg>
<status status="PASS" starttime="20231011 22:21:45.216" endtime="20231011 22:21:45.268"/>
</kw>
<kw name="Input Text" library="SeleniumLibrary">
<arg>//input[@id='customer.lastName']</arg>
<arg>xxx</arg>
<doc>Types the given ``text`` into the text field identified by ``locator``.</doc>
<msg timestamp="20231011 22:21:45.268" level="INFO">Typing text 'xxx' into text field '//input[@id='customer.lastName']'.</msg>
<status status="PASS" starttime="20231011 22:21:45.268" endtime="20231011 22:21:45.310"/>
</kw>
<kw name="Input Text" library="SeleniumLibrary">
<arg>//input[@id='customer.address.street']</arg>
<arg>xx</arg>
<doc>Types the given ``text`` into the text field identified by ``locator``.</doc>
<msg timestamp="20231011 22:21:45.311" level="INFO">Typing text 'xx' into text field '//input[@id='customer.address.street']'.</msg>
<status status="PASS" starttime="20231011 22:21:45.310" endtime="20231011 22:21:45.352"/>
</kw>
<kw name="Input Text" library="SeleniumLibrary">
<arg>//input[@id='customer.address.city']</arg>
<arg>xx</arg>
<doc>Types the given ``text`` into the text field identified by ``locator``.</doc>
<msg timestamp="20231011 22:21:45.352" level="INFO">Typing text 'xx' into text field '//input[@id='customer.address.city']'.</msg>
<status status="PASS" starttime="20231011 22:21:45.352" endtime="20231011 22:21:45.392"/>
</kw>
<kw name="Input Text" library="SeleniumLibrary">
<arg>//input[@id='customer.address.state']</arg>
<arg>xx</arg>
<doc>Types the given ``text`` into the text field identified by ``locator``.</doc>
<msg timestamp="20231011 22:21:45.393" level="INFO">Typing text 'xx' into text field '//input[@id='customer.address.state']'.</msg>
<status status="PASS" starttime="20231011 22:21:45.392" endtime="20231011 22:21:45.430"/>
</kw>
<kw name="Input Text" library="SeleniumLibrary">
<arg>//input[@id='customer.address.zipCode']</arg>
<arg>xx</arg>
<doc>Types the given ``text`` into the text field identified by ``locator``.</doc>
<msg timestamp="20231011 22:21:45.431" level="INFO">Typing text 'xx' into text field '//input[@id='customer.address.zipCode']'.</msg>
<status status="PASS" starttime="20231011 22:21:45.430" endtime="20231011 22:21:45.469"/>
</kw>
<kw name="Input Text" library="SeleniumLibrary">
<arg>//input[@id='customer.phoneNumber']</arg>
<arg>xx</arg>
<doc>Types the given ``text`` into the text field identified by ``locator``.</doc>
<msg timestamp="20231011 22:21:45.470" level="INFO">Typing text 'xx' into text field '//input[@id='customer.phoneNumber']'.</msg>
<status status="PASS" starttime="20231011 22:21:45.470" endtime="20231011 22:21:45.509"/>
</kw>
<kw name="Input Text" library="SeleniumLibrary">
<arg>//input[@id='customer.ssn']</arg>
<arg>xx</arg>
<doc>Types the given ``text`` into the text field identified by ``locator``.</doc>
<msg timestamp="20231011 22:21:45.510" level="INFO">Typing text 'xx' into text field '//input[@id='customer.ssn']'.</msg>
<status status="PASS" starttime="20231011 22:21:45.509" endtime="20231011 22:21:45.549"/>
</kw>
<kw name="Click Element" library="SeleniumLibrary">
<arg>//input[@type='submit' and @class='button' and @value='Register']</arg>
<doc>Click the element identified by ``locator``.</doc>
<msg timestamp="20231011 22:21:45.549" level="INFO">Clicking element '//input[@type='submit' and @class='button' and @value='Register']'.</msg>
<status status="PASS" starttime="20231011 22:21:45.549" endtime="20231011 22:21:45.774"/>
</kw>
<kw name="Wait Until Page Contains Element" library="SeleniumLibrary">
<arg>//span[@id='repeatedPassword.errors']</arg>
<arg>10s</arg>
<doc>Waits until the element ``locator`` appears on the current page.</doc>
<status status="PASS" starttime="20231011 22:21:45.774" endtime="20231011 22:21:45.783"/>
</kw>
<kw name="Sleep" library="BuiltIn">
<arg>5s</arg>
<doc>Pauses the test executed for the given time.</doc>
<msg timestamp="20231011 22:21:50.794" level="INFO">Slept 5 seconds</msg>
<status status="PASS" starttime="20231011 22:21:45.783" endtime="20231011 22:21:50.794"/>
</kw>
<kw name="Close Browser" library="SeleniumLibrary">
<doc>Closes the current browser.</doc>
<status status="PASS" starttime="20231011 22:21:50.794" endtime="20231011 22:21:52.841"/>
</kw>
<status status="PASS" starttime="20231011 22:21:41.824" endtime="20231011 22:21:52.841"/>
</test>
<test id="s1-t3" name="Effectuer_un_transfert_dargent_cas_passant" line="55">
<kw name="Open Browser" library="SeleniumLibrary">
<arg>https://parabank.parasoft.com/parabank/</arg>
<arg>chrome</arg>
<doc>Opens a new browser instance to the optional ``url``.</doc>
<msg timestamp="20231011 22:21:52.843" level="INFO">Opening browser 'chrome' to base url 'https://parabank.parasoft.com/parabank/'.</msg>
<status status="PASS" starttime="20231011 22:21:52.842" endtime="20231011 22:21:56.825"/>
</kw>
<kw name="Maximize Browser Window" library="SeleniumLibrary">
<doc>Maximizes current browser window.</doc>
<status status="PASS" starttime="20231011 22:21:56.826" endtime="20231011 22:21:56.944"/>
</kw>
<kw name="Wait Until Page Contains Element" library="SeleniumLibrary">
<arg>//input[@name='username']</arg>
<doc>Waits until the element ``locator`` appears on the current page.</doc>
<status status="PASS" starttime="20231011 22:21:56.944" endtime="20231011 22:21:56.951"/>
</kw>
<kw name="Input Text" library="SeleniumLibrary">
<arg>//input[@name='username']</arg>
<arg>${NEWUSERNAME}</arg>
<doc>Types the given ``text`` into the text field identified by ``locator``.</doc>
<msg timestamp="20231011 22:21:56.951" level="INFO">Typing text 'xx55xx20231011222134' into text field '//input[@name='username']'.</msg>
<status status="PASS" starttime="20231011 22:21:56.951" endtime="20231011 22:21:56.995"/>
</kw>
<kw name="Input Password" library="SeleniumLibrary">
<arg>//input[@type='password']</arg>
<arg>${NEWPASSWORD}</arg>
<doc>Types the given password into the text field identified by ``locator``.</doc>
<msg timestamp="20231011 22:21:56.995" level="INFO">Typing password into text field '//input[@type='password']'.</msg>
<msg timestamp="20231011 22:21:57.014" level="INFO">Temporally setting log level to: NONE</msg>
<msg timestamp="20231011 22:21:57.045" level="INFO">Log level changed from NONE to INFO.</msg>
<status status="PASS" starttime="20231011 22:21:56.995" endtime="20231011 22:21:57.045"/>
</kw>
<kw name="Click Element" library="SeleniumLibrary">
<arg>//input[@type='submit']</arg>
<doc>Click the element identified by ``locator``.</doc>
<msg timestamp="20231011 22:21:57.046" level="INFO">Clicking element '//input[@type='submit']'.</msg>
<status status="PASS" starttime="20231011 22:21:57.045" endtime="20231011 22:21:57.440"/>
</kw>
<kw name="Wait Until Page Contains Element" library="SeleniumLibrary">
<arg>//a[text()='Transfer Funds']</arg>
<doc>Waits until the element ``locator`` appears on the current page.</doc>
<status status="PASS" starttime="20231011 22:21:57.440" endtime="20231011 22:21:57.488"/>
</kw>
<kw name="Click Element" library="SeleniumLibrary">
<arg>//a[text()='Transfer Funds']</arg>
<doc>Click the element identified by ``locator``.</doc>
<msg timestamp="20231011 22:21:57.489" level="INFO">Clicking element '//a[text()='Transfer Funds']'.</msg>
<status status="PASS" starttime="20231011 22:21:57.488" endtime="20231011 22:21:58.166"/>
</kw>
<kw name="Sleep" library="BuiltIn">
<arg>10s</arg>
<doc>Pauses the test executed for the given time.</doc>
<msg timestamp="20231011 22:22:08.178" level="INFO">Slept 10 seconds</msg>
<status status="PASS" starttime="20231011 22:21:58.166" endtime="20231011 22:22:08.178"/>
</kw>
<kw name="Wait Until Page Contains Element" library="SeleniumLibrary">
<arg>//input[@id='amount']</arg>
<doc>Waits until the element ``locator`` appears on the current page.</doc>
<status status="PASS" starttime="20231011 22:22:08.178" endtime="20231011 22:22:08.186"/>
</kw>
<kw name="Input Text" library="SeleniumLibrary">
<arg>//input[@id='amount']</arg>
<arg>10</arg>
<doc>Types the given ``text`` into the text field identified by ``locator``.</doc>
<msg timestamp="20231011 22:22:08.186" level="INFO">Typing text '10' into text field '//input[@id='amount']'.</msg>
<status status="PASS" starttime="20231011 22:22:08.186" endtime="20231011 22:22:08.223"/>
</kw>
<kw name="Select From List By Index" library="SeleniumLibrary">
<arg>//select[@id='fromAccountId']</arg>
<arg>0</arg>
<doc>Selects options from selection list ``locator`` by ``indexes``.</doc>
<msg timestamp="20231011 22:22:08.224" level="INFO">Selecting options from selection list '//select[@id='fromAccountId']' by index 0.</msg>
<status status="PASS" starttime="20231011 22:22:08.223" endtime="20231011 22:22:08.256"/>
</kw>
<kw name="Select From List By Index" library="SeleniumLibrary">
<arg>//select[@id='toAccountId']</arg>
<arg>1</arg>
<doc>Selects options from selection list ``locator`` by ``indexes``.</doc>
<msg timestamp="20231011 22:22:08.256" level="INFO">Selecting options from selection list '//select[@id='toAccountId']' by index 1.</msg>
<msg timestamp="20231011 22:22:08.388" level="INFO" html="true">&lt;/td&gt;&lt;/tr&gt;&lt;tr&gt;&lt;td colspan="3"&gt;&lt;a href="selenium-screenshot-16.png"&gt;&lt;img src="selenium-screenshot-16.png" width="800px"&gt;&lt;/a&gt;</msg>
<msg timestamp="20231011 22:22:08.389" level="FAIL">NoSuchElementException: Message: Could not locate element with index 1; For documentation on this error, please visit: https://www.selenium.dev/documentation/webdriver/troubleshooting/errors#no-such-element-exception
</msg>
<status status="FAIL" starttime="20231011 22:22:08.256" endtime="20231011 22:22:08.391"/>
</kw>
<kw name="Click Element" library="SeleniumLibrary">
<arg>//input[@type='submit']</arg>
<doc>Click the element identified by ``locator``.</doc>
<status status="NOT RUN" starttime="20231011 22:22:08.391" endtime="20231011 22:22:08.391"/>
</kw>
<kw name="Wait Until Page Contains Element" library="SeleniumLibrary">
<arg>//h1[@class='title' and text()='Transfer Complete!']</arg>
<doc>Waits until the element ``locator`` appears on the current page.</doc>
<status status="NOT RUN" starttime="20231011 22:22:08.391" endtime="20231011 22:22:08.391"/>
</kw>
<kw name="Sleep" library="BuiltIn">
<arg>10s</arg>
<doc>Pauses the test executed for the given time.</doc>
<status status="NOT RUN" starttime="20231011 22:22:08.392" endtime="20231011 22:22:08.392"/>
</kw>
<kw name="Close Browser" library="SeleniumLibrary">
<doc>Closes the current browser.</doc>
<status status="NOT RUN" starttime="20231011 22:22:08.392" endtime="20231011 22:22:08.392"/>
</kw>
<status status="FAIL" starttime="20231011 22:21:52.842" endtime="20231011 22:22:08.392">NoSuchElementException: Message: Could not locate element with index 1; For documentation on this error, please visit: https://www.selenium.dev/documentation/webdriver/troubleshooting/errors#no-such-element-exception
</status>
</test>
<test id="s1-t4" name="Effectuer_un_transfert_dargent_cas_non_passant" line="74">
<status status="FAIL" starttime="20231011 22:22:08.393" endtime="20231011 22:22:08.393">Test cannot be empty.</status>
</test>
<status status="FAIL" starttime="20231011 22:21:31.004" endtime="20231011 22:22:08.394"/>
</suite>
<statistics>
<total>
<stat pass="2" fail="2" skip="0">All Tests</stat>
</total>
<tag>
</tag>
<suite>
<stat pass="2" fail="2" skip="0" id="s1" name="Test Ihm">Test Ihm</stat>
</suite>
</statistics>
<errors>
</errors>
</robot>
